#
# A fatal error has been detected by the Java Runtime Environment:
#
#  SIGSEGV (0xb) at pc=0x00000001040e1c30, pid=14911, tid=18691
#
# JRE version: Java(TM) SE Runtime Environment (8.0_51-b16) (build 1.8.0_51-b16)
# Java VM: Java HotSpot(TM) 64-Bit Server VM (25.51-b03 mixed mode bsd-amd64 compressed oops)
# Problematic frame:
# V  [libjvm.dylib+0x432c30]  Method::checked_resolve_jmethod_id(_jmethodID*)+0xe
#
# Failed to write core dump. Core dumps have been disabled. To enable core dumping, try "ulimit -c unlimited" before starting Java again
#
# If you would like to submit a bug report, please visit:
#   http://bugreport.java.com/bugreport/crash.jsp
#

---------------  T H R E A D  ---------------

Current thread (0x00007fe0d380c800):  JavaThread "JDWP Transport Listener: dt_socket" daemon [_thread_in_vm, id=18691, stack(0x000000011e904000,0x000000011ea04000)]

siginfo: si_signo: 11 (SIGSEGV), si_code: 1 (SEGV_MAPERR), si_addr: 0x00007fe000000004

Registers:
RAX=0x0000000000000001, RBX=0x000000011ea03a8b, RCX=0x00000001044a9190, RDX=0x000000011ea03a8b
RSP=0x000000011ea039d0, RBP=0x000000011ea039e0, RSI=0x00007fe0d380c800, RDI=0x00007fe000000004
R8 =0x0000000000000000, R9 =0x00007fe0d2b00000, R10=0x0000000000000010, R11=0x00007fe0d2b00000
R12=0x00007fe0d380c800, R13=0x00007fe000000004, R14=0x00007fe000000004, R15=0x00007fe0d1621750
RIP=0x00000001040e1c30, EFLAGS=0x0000000000010202, ERR=0x0000000000000004
  TRAPNO=0x000000000000000e

Top of Stack: (sp=0x000000011ea039d0)
0x000000011ea039d0:   000000011ea03a8b 000000011ea03a8b
0x000000011ea039e0:   000000011ea03a40 0000000103ff1f8e
0x000000011ea039f0:   00007fe0d380c800 0000000000000000
0x000000011ea03a00:   0000000000000000 0000000000000000
0x000000011ea03a10:   00007fe0d380c800 00007fe0d380c800
0x000000011ea03a20:   000000011ea03a8b 000000011ea03a90
0x000000011ea03a30:   00007fe000000004 0000000000000002
0x000000011ea03a40:   000000011ea03a60 0000000104d7f780
0x000000011ea03a50:   0000000000000001 000000011ea03b08
0x000000011ea03a60:   000000011ea03ad0 0000000104d641f3
0x000000011ea03a70:   000000011ea03aa0 00007fe0d2b1ae40
0x000000011ea03a80:   0000000300000032 0000000100a03b08
0x000000011ea03a90:   0000000000000000 0000000000000000
0x000000011ea03aa0:   0000000000000000 000000011ea03c90
0x000000011ea03ab0:   0000000104d86e7a 00007fe0d2b0ee40
0x000000011ea03ac0:   000000011ea03b08 0000000104d92598
0x000000011ea03ad0:   000000011ea03ae0 0000000104d642ec
0x000000011ea03ae0:   000000011ea03d00 0000000104d6d898
0x000000011ea03af0:   000069f900000013 00000000000f0200
0x000000011ea03b00:   00007fe0d2b19c10 000000011ea03bb1
0x000000011ea03b10:   00007fe0000000d3 000000011ea03b20
0x000000011ea03b20:   00007fe000000059 000000011ea03b58
0x000000011ea03b30:   0000000000000000 0000000000000000
0x000000011ea03b40:   000069f90000000f 00007fff00007780
0x000000011ea03b50:   000000011ea03b58 e07f000003000000
0x000000011ea03b60:   0800000020efa0d2 3e74696e696c633c
0x000000011ea03b70:   0056292803000000 0008000000000000
0x000000011ea03b80:   0028efa0d2e07f00 006e69616d040000
0x000000011ea03b90:   616a4c5b28160000 2f676e616c2f6176
0x000000011ea03ba0:   293b676e69727453 0000000000000056
0x000000011ea03bb0:   4c29281a00000001 75722f616c616373
0x000000011ea03bc0:   6f4e2f656d69746e 003b24676e696874 

Instructions: (pc=0x00000001040e1c30)
0x00000001040e1c10:   40 48 48 85 c0 75 e0 30 c0 0f b6 c0 5d c3 31 c0
0x00000001040e1c20:   5d c3 55 48 89 e5 53 48 83 ec 08 48 85 ff 74 24
0x00000001040e1c30:   48 8b 1f 48 85 db 74 1c 48 83 fb 37 74 16 48 8b
0x00000001040e1c40:   03 48 89 df ff 50 10 84 c0 b8 00 00 00 00 48 0f 

Register to memory mapping:

RAX=0x0000000000000001 is an unknown value
RBX=0x000000011ea03a8b is pointing into the stack for thread: 0x00007fe0d380c800
RCX=0x00000001044a9190: UseMembar+0 in /Library/Java/JavaVirtualMachines/jdk1.8.0_51.jdk/Contents/Home/jre/lib/server/libjvm.dylib at 0x0000000103caf000
RDX=0x000000011ea03a8b is pointing into the stack for thread: 0x00007fe0d380c800
RSP=0x000000011ea039d0 is pointing into the stack for thread: 0x00007fe0d380c800
RBP=0x000000011ea039e0 is pointing into the stack for thread: 0x00007fe0d380c800
RSI=0x00007fe0d380c800 is a thread
RDI=0x00007fe000000004 is an unknown value
R8 =0x0000000000000000 is an unknown value
R9 =0x00007fe0d2b00000 is an unknown value
R10=0x0000000000000010 is an unknown value
R11=0x00007fe0d2b00000 is an unknown value
R12=0x00007fe0d380c800 is a thread
R13=0x00007fe000000004 is an unknown value
R14=0x00007fe000000004 is an unknown value
R15=0x00007fe0d1621750 is an unknown value


Stack: [0x000000011e904000,0x000000011ea04000],  sp=0x000000011ea039d0,  free space=1022k
Native frames: (J=compiled Java code, j=interpreted, Vv=VM code, C=native code)
V  [libjvm.dylib+0x432c30]  Method::checked_resolve_jmethod_id(_jmethodID*)+0xe
V  [libjvm.dylib+0x342f8e]  jvmti_IsMethodSynthetic+0xb2
C  [libjdwp.dylib+0x20780]  isMethodSynthetic+0x63
C  [libjdwp.dylib+0x51f3]  methods1+0x10b
C  [libjdwp.dylib+0x52ec]  methodsWithGeneric+0xe
C  [libjdwp.dylib+0xe898]  debugLoop_run+0x1ce
C  [libjdwp.dylib+0x1f6ba]  attachThread+0x4d
V  [libjvm.dylib+0x383f3c]  JvmtiAgentThread::call_start_function()+0x38
V  [libjvm.dylib+0x549a6f]  JavaThread::thread_main_inner()+0x9b
V  [libjvm.dylib+0x54b160]  JavaThread::run()+0x1c2
V  [libjvm.dylib+0x46e99e]  java_start(Thread*)+0xf6
C  [libsystem_pthread.dylib+0x405a]  _pthread_body+0x83
C  [libsystem_pthread.dylib+0x3fd7]  _pthread_body+0x0
C  [libsystem_pthread.dylib+0x13ed]  thread_start+0xd
C  0x0000000000000000


---------------  P R O C E S S  ---------------

Java Threads: ( => current thread )
  0x00007fe0d5094000 JavaThread "Keep-Alive-Timer" daemon [_thread_blocked, id=24583, stack(0x000000011f5a0000,0x000000011f6a0000)]
  0x00007fe0d5037800 JavaThread "Service Thread" daemon [_thread_blocked, id=22275, stack(0x000000011f019000,0x000000011f119000)]
  0x00007fe0d1818800 JavaThread "C1 CompilerThread3" daemon [_thread_blocked, id=21763, stack(0x000000011ef16000,0x000000011f016000)]
  0x00007fe0d1817800 JavaThread "C2 CompilerThread2" daemon [_thread_blocked, id=21251, stack(0x000000011ee13000,0x000000011ef13000)]
  0x00007fe0d5037000 JavaThread "C2 CompilerThread1" daemon [_thread_blocked, id=20739, stack(0x000000011ed10000,0x000000011ee10000)]
  0x00007fe0d180f000 JavaThread "C2 CompilerThread0" daemon [_thread_blocked, id=20227, stack(0x000000011ec0d000,0x000000011ed0d000)]
  0x00007fe0d401e800 JavaThread "JDWP Command Reader" daemon [_thread_in_native, id=19715, stack(0x000000011eb0a000,0x000000011ec0a000)]
  0x00007fe0d180e000 JavaThread "JDWP Event Helper Thread" daemon [_thread_blocked, id=19203, stack(0x000000011ea07000,0x000000011eb07000)]
=>0x00007fe0d380c800 JavaThread "JDWP Transport Listener: dt_socket" daemon [_thread_in_vm, id=18691, stack(0x000000011e904000,0x000000011ea04000)]
  0x00007fe0d5802000 JavaThread "Signal Dispatcher" daemon [_thread_blocked, id=15627, stack(0x000000011e7fa000,0x000000011e8fa000)]
  0x00007fe0d3802000 JavaThread "Finalizer" daemon [_thread_blocked, id=13059, stack(0x000000011cdf2000,0x000000011cef2000)]
  0x00007fe0d4801800 JavaThread "Reference Handler" daemon [_thread_blocked, id=12547, stack(0x000000011ccef000,0x000000011cdef000)]
  0x00007fe0d3003000 JavaThread "main" [_thread_blocked, id=3331, stack(0x0000000104c19000,0x0000000104d19000)]

Other Threads:
  0x00007fe0d4801000 VMThread [stack: 0x000000011cbec000,0x000000011ccec000] [id=12035]
  0x00007fe0d5803000 WatcherThread [stack: 0x000000011f11c000,0x000000011f21c000] [id=22787]

VM state:not at safepoint (normal execution)

VM Mutex/Monitor currently owned by a thread: None

Heap:
 PSYoungGen      total 38400K, used 18734K [0x0000000795580000, 0x0000000798000000, 0x00000007c0000000)
  eden space 33280K, 56% used [0x0000000795580000,0x00000007967cbbc8,0x0000000797600000)
  from space 5120K, 0% used [0x0000000797b00000,0x0000000797b00000,0x0000000798000000)
  to   space 5120K, 0% used [0x0000000797600000,0x0000000797600000,0x0000000797b00000)
 ParOldGen       total 87552K, used 0K [0x0000000740000000, 0x0000000745580000, 0x0000000795580000)
  object space 87552K, 0% used [0x0000000740000000,0x0000000740000000,0x0000000745580000)
 Metaspace       used 7731K, capacity 7808K, committed 8064K, reserved 1056768K
  class space    used 1108K, capacity 1136K, committed 1152K, reserved 1048576K

Card table byte_map: [0x0000000115200000,0x0000000115601000] byte_map_base: 0x0000000111800000

Marking Bits: (ParMarkBitMap*) 0x00000001045717a0
 Begin Bits: [0x00000001160c4000, 0x00000001180c4000)
 End Bits:   [0x00000001180c4000, 0x000000011a0c4000)

Polling page: 0x0000000104d5e000

CodeCache: size=245760Kb used=2540Kb max_used=2572Kb free=243219Kb
 bounds [0x0000000104dc0000, 0x0000000105050000, 0x0000000113dc0000]
 total_blobs=806 nmethods=536 adapters=192
 compilation: enabled

Compilation events (10 events):
Event: 0.816 Thread 0x00007fe0d1818800  504       3       sun.util.calendar.BaseCalendar$Date::hit (14 bytes)
Event: 0.816 Thread 0x00007fe0d1818800 nmethod 504 0x0000000105023fd0 code [0x0000000105024140, 0x00000001050242f0]
Event: 0.816 Thread 0x00007fe0d1818800  505       3       sun.util.calendar.BaseCalendar$Date::setCache (20 bytes)
Event: 0.816 Thread 0x00007fe0d1818800 nmethod 505 0x000000010502db10 code [0x000000010502dc60, 0x000000010502ddd0]
Event: 0.816 Thread 0x00007fe0d1818800  506       3       sun.util.calendar.BaseCalendar::getDayOfYear (26 bytes)
Event: 0.817 Thread 0x00007fe0d1818800 nmethod 506 0x000000010502de50 code [0x000000010502dfe0, 0x000000010502e470]
Event: 0.817 Thread 0x00007fe0d1818800  507       3       sun.util.calendar.Gregorian::getCalendarDate (7 bytes)
Event: 0.817 Thread 0x00007fe0d1818800 nmethod 507 0x000000010502e750 code [0x000000010502e8c0, 0x000000010502eba8]
Event: 0.828 Thread 0x00007fe0d180f000 nmethod 496 0x0000000105032f90 code [0x0000000105033200, 0x0000000105034860]
Event: 0.981 Thread 0x00007fe0d5037000 nmethod 497 0x000000010503c310 code [0x000000010503c940, 0x0000000105041c50]

GC Heap History (0 events):
No events

Deoptimization events (7 events):
Event: 0.172 Thread 0x00007fe0d3003000 Uncommon trap: reason=unstable_if action=reinterpret pc=0x0000000104ee598c method=java.lang.String.hashCode()I @ 14
Event: 0.481 Thread 0x00007fe0d3003000 Uncommon trap: reason=unstable_if action=reinterpret pc=0x0000000104f45a54 method=sun.misc.URLClassPath.getLoader(I)Lsun/misc/URLClassPath$Loader; @ 36
Event: 0.493 Thread 0x00007fe0d3003000 Uncommon trap: reason=unstable_if action=reinterpret pc=0x0000000104f0529c method=java.lang.String.indexOf(II)I @ 49
Event: 0.658 Thread 0x00007fe0d3003000 Uncommon trap: reason=unstable_if action=reinterpret pc=0x0000000104f265ac method=java.lang.String.indexOf([CII[CIII)I @ 123
Event: 0.659 Thread 0x00007fe0d3003000 Uncommon trap: reason=unstable_if action=reinterpret pc=0x0000000104fb5830 method=sun.net.www.ParseUtil.encodePath(Ljava/lang/String;Z)Ljava/lang/String; @ 109
Event: 0.661 Thread 0x00007fe0d3003000 Uncommon trap: reason=unstable_if action=reinterpret pc=0x0000000104f5791c method=sun.misc.MetaIndex.mayContain(Ljava/lang/String;)Z @ 13
Event: 0.661 Thread 0x00007fe0d3003000 Uncommon trap: reason=unstable_if action=reinterpret pc=0x0000000104f54410 method=sun.misc.MetaIndex.mayContain(Ljava/lang/String;)Z @ 13

Internal exceptions (6 events):
Event: 0.054 Thread 0x00007fe0d3003000 Exception <a 'java/lang/NoSuchMethodError': Method sun.misc.Unsafe.defineClass(Ljava/lang/String;[BII)Ljava/lang/Class; name or signature does not match> (0x0000000795592ab0) thrown at [/Users/java_re/workspace/8-2-build-macosx-x86_64/jdk8u51/3951/hotspot
Event: 0.054 Thread 0x00007fe0d3003000 Exception <a 'java/lang/NoSuchMethodError': Method sun.misc.Unsafe.prefetchRead(Ljava/lang/Object;J)V name or signature does not match> (0x0000000795592d40) thrown at [/Users/java_re/workspace/8-2-build-macosx-x86_64/jdk8u51/3951/hotspot/src/share/vm/prim
Event: 0.661 Thread 0x00007fe0d3003000 Exception <a 'java/security/PrivilegedActionException'> (0x0000000796375d58) thrown at [/Users/java_re/workspace/8-2-build-macosx-x86_64/jdk8u51/3951/hotspot/src/share/vm/prims/jvm.cpp, line 1382]
Event: 0.661 Thread 0x00007fe0d3003000 Exception <a 'java/security/PrivilegedActionException'> (0x00000007963760a0) thrown at [/Users/java_re/workspace/8-2-build-macosx-x86_64/jdk8u51/3951/hotspot/src/share/vm/prims/jvm.cpp, line 1382]
Event: 0.661 Thread 0x00007fe0d3003000 Exception <a 'java/security/PrivilegedActionException'> (0x0000000796379420) thrown at [/Users/java_re/workspace/8-2-build-macosx-x86_64/jdk8u51/3951/hotspot/src/share/vm/prims/jvm.cpp, line 1382]
Event: 0.661 Thread 0x00007fe0d3003000 Exception <a 'java/security/PrivilegedActionException'> (0x0000000796379768) thrown at [/Users/java_re/workspace/8-2-build-macosx-x86_64/jdk8u51/3951/hotspot/src/share/vm/prims/jvm.cpp, line 1382]

Events (10 events):
Event: 1942.914 Executing VM operation: GetOrSetLocal
Event: 1942.914 Executing VM operation: GetOrSetLocal done
Event: 1942.914 Executing VM operation: GetOrSetLocal
Event: 1942.914 Executing VM operation: GetOrSetLocal done
Event: 2220.527 Executing VM operation: ChangeBreakpoints
Event: 2220.528 Executing VM operation: ChangeBreakpoints done
Event: 2283.039 Executing VM operation: RedefineClasses
Event: 2283.053 Executing VM operation: RedefineClasses done
Event: 2283.054 Executing VM operation: GetOrSetLocal
Event: 2283.054 Executing VM operation: GetOrSetLocal done


Dynamic libraries:
0x00000000012c1000 	/System/Library/Frameworks/Cocoa.framework/Versions/A/Cocoa
0x00000000012c1000 	/System/Library/Frameworks/Security.framework/Versions/A/Security
0x00000000012c1000 	/System/Library/Frameworks/ApplicationServices.framework/Versions/A/ApplicationServices
0x00000000012c1000 	/usr/lib/libz.1.dylib
0x00000000012c1000 	/usr/lib/libSystem.B.dylib
0x00000000012c1000 	/usr/lib/libobjc.A.dylib
0x00000000012c1000 	/System/Library/Frameworks/CoreFoundation.framework/Versions/A/CoreFoundation
0x00000000012c1000 	/System/Library/Frameworks/Foundation.framework/Versions/C/Foundation
0x00000000012c1000 	/System/Library/Frameworks/AppKit.framework/Versions/C/AppKit
0x00000000012c1000 	/System/Library/Frameworks/CoreData.framework/Versions/A/CoreData
0x00000000012c1000 	/System/Library/PrivateFrameworks/RemoteViewServices.framework/Versions/A/RemoteViewServices
0x00000000012c1000 	/System/Library/PrivateFrameworks/UIFoundation.framework/Versions/A/UIFoundation
0x00000000012c1000 	/System/Library/Frameworks/IOSurface.framework/Versions/A/IOSurface
0x00000000012c1000 	/System/Library/Frameworks/AudioToolbox.framework/Versions/A/AudioToolbox
0x00000000012c1000 	/System/Library/Frameworks/AudioUnit.framework/Versions/A/AudioUnit
0x00000000012c1000 	/System/Library/PrivateFrameworks/DataDetectorsCore.framework/Versions/A/DataDetectorsCore
0x00000000012c1000 	/System/Library/PrivateFrameworks/DesktopServicesPriv.framework/Versions/A/DesktopServicesPriv
0x00000000012c1000 	/System/Library/Frameworks/Carbon.framework/Versions/A/Frameworks/HIToolbox.framework/Versions/A/HIToolbox
0x00000000012c1000 	/System/Library/Frameworks/QuartzCore.framework/Versions/A/QuartzCore
0x00000000012c1000 	/System/Library/Frameworks/Carbon.framework/Versions/A/Frameworks/SpeechRecognition.framework/Versions/A/SpeechRecognition
0x00000000012c1000 	/usr/lib/libauto.dylib
0x00000000012c1000 	/usr/lib/libicucore.A.dylib
0x00000000012c1000 	/usr/lib/libxml2.2.dylib
0x00000000012c1000 	/System/Library/PrivateFrameworks/CoreUI.framework/Versions/A/CoreUI
0x00000000012c1000 	/System/Library/Frameworks/CoreAudio.framework/Versions/A/CoreAudio
0x00000000012c1000 	/System/Library/Frameworks/DiskArbitration.framework/Versions/A/DiskArbitration
0x00000000012c1000 	/usr/lib/liblangid.dylib
0x00000000012c1000 	/System/Library/PrivateFrameworks/MultitouchSupport.framework/Versions/A/MultitouchSupport
0x00000000012c1000 	/System/Library/Frameworks/IOKit.framework/Versions/A/IOKit
0x00000000012c1000 	/usr/lib/libDiagnosticMessagesClient.dylib
0x00000000012c1000 	/System/Library/Frameworks/CoreServices.framework/Versions/A/CoreServices
0x00000000012c1000 	/System/Library/PrivateFrameworks/PerformanceAnalysis.framework/Versions/A/PerformanceAnalysis
0x00000000012c1000 	/System/Library/PrivateFrameworks/GenerationalStorage.framework/Versions/A/GenerationalStorage
0x00000000012c1000 	/System/Library/Frameworks/OpenGL.framework/Versions/A/OpenGL
0x00000000012c1000 	/System/Library/PrivateFrameworks/Sharing.framework/Versions/A/Sharing
0x00000000012c1000 	/System/Library/Frameworks/CoreGraphics.framework/Versions/A/CoreGraphics
0x00000000012c1000 	/System/Library/Frameworks/CoreText.framework/Versions/A/CoreText
0x00000000012c1000 	/System/Library/Frameworks/ImageIO.framework/Versions/A/ImageIO
0x00000000012c1000 	/usr/lib/libextension.dylib
0x00000000012c1000 	/System/Library/PrivateFrameworks/Backup.framework/Versions/A/Backup
0x00000000012c1000 	/usr/lib/libarchive.2.dylib
0x00000000012c1000 	/System/Library/Frameworks/CFNetwork.framework/Versions/A/CFNetwork
0x00000000012c1000 	/System/Library/Frameworks/SystemConfiguration.framework/Versions/A/SystemConfiguration
0x00000000012c1000 	/usr/lib/libCRFSuite.dylib
0x00000000012c1000 	/usr/lib/libc++.1.dylib
0x00000000012c1000 	/usr/lib/libc++abi.dylib
0x00000000012c1000 	/usr/lib/system/libcache.dylib
0x00000000012c1000 	/usr/lib/system/libcommonCrypto.dylib
0x00000000012c1000 	/usr/lib/system/libcompiler_rt.dylib
0x00000000012c1000 	/usr/lib/system/libcopyfile.dylib
0x00000000012c1000 	/usr/lib/system/libcorecrypto.dylib
0x00000000012c1000 	/usr/lib/system/libdispatch.dylib
0x00000000012c1000 	/usr/lib/system/libdyld.dylib
0x00000000012c1000 	/usr/lib/system/libkeymgr.dylib
0x00000000012c1000 	/usr/lib/system/liblaunch.dylib
0x00000000012c1000 	/usr/lib/system/libmacho.dylib
0x00000000012c1000 	/usr/lib/system/libquarantine.dylib
0x00000000012c1000 	/usr/lib/system/libremovefile.dylib
0x00000000012c1000 	/usr/lib/system/libsystem_asl.dylib
0x00000000012c1000 	/usr/lib/system/libsystem_blocks.dylib
0x00000000012c1000 	/usr/lib/system/libsystem_c.dylib
0x00000000012c1000 	/usr/lib/system/libsystem_configuration.dylib
0x00000000012c1000 	/usr/lib/system/libsystem_coreservices.dylib
0x00000000012c1000 	/usr/lib/system/libsystem_coretls.dylib
0x00000000012c1000 	/usr/lib/system/libsystem_dnssd.dylib
0x00000000012c1000 	/usr/lib/system/libsystem_info.dylib
0x00000000012c1000 	/usr/lib/system/libsystem_kernel.dylib
0x00000000012c1000 	/usr/lib/system/libsystem_m.dylib
0x00000000012c1000 	/usr/lib/system/libsystem_malloc.dylib
0x00000000012c1000 	/usr/lib/system/libsystem_network.dylib
0x00000000012c1000 	/usr/lib/system/libsystem_networkextension.dylib
0x00000000012c1000 	/usr/lib/system/libsystem_notify.dylib
0x00000000012c1000 	/usr/lib/system/libsystem_platform.dylib
0x00000000012c1000 	/usr/lib/system/libsystem_pthread.dylib
0x00000000012c1000 	/usr/lib/system/libsystem_sandbox.dylib
0x00000000012c1000 	/usr/lib/system/libsystem_secinit.dylib
0x00000000012c1000 	/usr/lib/system/libsystem_stats.dylib
0x00000000012c1000 	/usr/lib/system/libsystem_trace.dylib
0x00000000012c1000 	/usr/lib/system/libunc.dylib
0x00000000012c1000 	/usr/lib/system/libunwind.dylib
0x00000000012c1000 	/usr/lib/system/libxpc.dylib
0x00000000012c1000 	/usr/lib/libbz2.1.0.dylib
0x00000000012c1000 	/usr/lib/liblzma.5.dylib
0x00000000012c1000 	/usr/lib/libbsm.0.dylib
0x00000000012c1000 	/usr/lib/libsqlite3.dylib
0x00000000012c1000 	/usr/lib/system/libkxld.dylib
0x00000000012c1000 	/usr/lib/libxar.1.dylib
0x00000000012c1000 	/usr/lib/libpam.2.dylib
0x00000000012c1000 	/usr/lib/libOpenScriptingUtil.dylib
0x00000000012c1000 	/System/Library/Frameworks/CoreServices.framework/Versions/A/Frameworks/FSEvents.framework/Versions/A/FSEvents
0x00000000012c1000 	/System/Library/Frameworks/CoreServices.framework/Versions/A/Frameworks/CarbonCore.framework/Versions/A/CarbonCore
0x00000000012c1000 	/System/Library/Frameworks/CoreServices.framework/Versions/A/Frameworks/Metadata.framework/Versions/A/Metadata
0x00000000012c1000 	/System/Library/Frameworks/CoreServices.framework/Versions/A/Frameworks/OSServices.framework/Versions/A/OSServices
0x00000000012c1000 	/System/Library/Frameworks/CoreServices.framework/Versions/A/Frameworks/SearchKit.framework/Versions/A/SearchKit
0x00000000012c1000 	/System/Library/Frameworks/CoreServices.framework/Versions/A/Frameworks/AE.framework/Versions/A/AE
0x00000000012c1000 	/System/Library/Frameworks/CoreServices.framework/Versions/A/Frameworks/LaunchServices.framework/Versions/A/LaunchServices
0x00000000012c1000 	/System/Library/Frameworks/CoreServices.framework/Versions/A/Frameworks/DictionaryServices.framework/Versions/A/DictionaryServices
0x00000000012c1000 	/System/Library/Frameworks/NetFS.framework/Versions/A/NetFS
0x00000000012c1000 	/System/Library/PrivateFrameworks/NetAuth.framework/Versions/A/NetAuth
0x00000000012c1000 	/System/Library/PrivateFrameworks/login.framework/Versions/A/Frameworks/loginsupport.framework/Versions/A/loginsupport
0x00000000012c1000 	/System/Library/PrivateFrameworks/TCC.framework/Versions/A/TCC
0x00000000012c1000 	/usr/lib/libmecabra.dylib
0x00000000012c1000 	/System/Library/Frameworks/ApplicationServices.framework/Versions/A/Frameworks/ATS.framework/Versions/A/ATS
0x00000000012c1000 	/System/Library/Frameworks/ApplicationServices.framework/Versions/A/Frameworks/ColorSync.framework/Versions/A/ColorSync
0x00000000012c1000 	/System/Library/Frameworks/ApplicationServices.framework/Versions/A/Frameworks/HIServices.framework/Versions/A/HIServices
0x00000000012c1000 	/System/Library/Frameworks/ApplicationServices.framework/Versions/A/Frameworks/LangAnalysis.framework/Versions/A/LangAnalysis
0x00000000012c1000 	/System/Library/Frameworks/ApplicationServices.framework/Versions/A/Frameworks/PrintCore.framework/Versions/A/PrintCore
0x00000000012c1000 	/System/Library/Frameworks/ApplicationServices.framework/Versions/A/Frameworks/QD.framework/Versions/A/QD
0x00000000012c1000 	/System/Library/Frameworks/ApplicationServices.framework/Versions/A/Frameworks/SpeechSynthesis.framework/Versions/A/SpeechSynthesis
0x00000000012c1000 	/System/Library/Frameworks/Accelerate.framework/Versions/A/Accelerate
0x00000000012c1000 	/System/Library/Frameworks/Accelerate.framework/Versions/A/Frameworks/vImage.framework/Versions/A/vImage
0x00000000012c1000 	/System/Library/Frameworks/Accelerate.framework/Versions/A/Frameworks/vecLib.framework/Versions/A/vecLib
0x00000000012c1000 	/System/Library/Frameworks/Accelerate.framework/Versions/A/Frameworks/vecLib.framework/Versions/A/libvDSP.dylib
0x00000000012c1000 	/System/Library/Frameworks/Accelerate.framework/Versions/A/Frameworks/vecLib.framework/Versions/A/libvMisc.dylib
0x00000000012c1000 	/System/Library/Frameworks/Accelerate.framework/Versions/A/Frameworks/vecLib.framework/Versions/A/libLAPACK.dylib
0x00000000012c1000 	/System/Library/Frameworks/Accelerate.framework/Versions/A/Frameworks/vecLib.framework/Versions/A/libBLAS.dylib
0x00000000012c1000 	/System/Library/Frameworks/Accelerate.framework/Versions/A/Frameworks/vecLib.framework/Versions/A/libLinearAlgebra.dylib
0x00000000012c1000 	/System/Library/Frameworks/ApplicationServices.framework/Versions/A/Frameworks/ATS.framework/Versions/A/Resources/libFontParser.dylib
0x00000000012c1000 	/System/Library/Frameworks/ApplicationServices.framework/Versions/A/Frameworks/ATS.framework/Versions/A/Resources/libFontRegistry.dylib
0x00000000012c1000 	/System/Library/PrivateFrameworks/AppleVPA.framework/Versions/A/AppleVPA
0x00000000012c1000 	/System/Library/PrivateFrameworks/AppleJPEG.framework/Versions/A/AppleJPEG
0x00000000012c1000 	/System/Library/Frameworks/ImageIO.framework/Versions/A/Resources/libJPEG.dylib
0x00000000012c1000 	/System/Library/Frameworks/ImageIO.framework/Versions/A/Resources/libTIFF.dylib
0x00000000012c1000 	/System/Library/Frameworks/ImageIO.framework/Versions/A/Resources/libPng.dylib
0x00000000012c1000 	/System/Library/Frameworks/ImageIO.framework/Versions/A/Resources/libGIF.dylib
0x00000000012c1000 	/System/Library/Frameworks/ImageIO.framework/Versions/A/Resources/libJP2.dylib
0x00000000012c1000 	/System/Library/Frameworks/ImageIO.framework/Versions/A/Resources/libRadiance.dylib
0x00000000012c1000 	/System/Library/Frameworks/CoreVideo.framework/Versions/A/CoreVideo
0x00000000012c1000 	/System/Library/Frameworks/OpenGL.framework/Versions/A/Libraries/libGLU.dylib
0x00000000012c1000 	/System/Library/Frameworks/OpenGL.framework/Versions/A/Libraries/libGFXShared.dylib
0x00000000012c1000 	/System/Library/Frameworks/OpenGL.framework/Versions/A/Libraries/libGL.dylib
0x00000000012c1000 	/System/Library/Frameworks/OpenGL.framework/Versions/A/Libraries/libGLImage.dylib
0x00000000012c1000 	/System/Library/Frameworks/OpenGL.framework/Versions/A/Libraries/libCVMSPluginSupport.dylib
0x00000000012c1000 	/System/Library/Frameworks/OpenGL.framework/Versions/A/Libraries/libCoreVMClient.dylib
0x00000000012c1000 	/usr/lib/libcups.2.dylib
0x00000000012c1000 	/System/Library/Frameworks/Kerberos.framework/Versions/A/Kerberos
0x00000000012c1000 	/System/Library/Frameworks/GSS.framework/Versions/A/GSS
0x00000000012c1000 	/usr/lib/libresolv.9.dylib
0x00000000012c1000 	/usr/lib/libiconv.2.dylib
0x00000000012c1000 	/System/Library/PrivateFrameworks/Heimdal.framework/Versions/A/Heimdal
0x00000000012c1000 	/usr/lib/libheimdal-asn1.dylib
0x00000000012c1000 	/System/Library/Frameworks/OpenDirectory.framework/Versions/A/OpenDirectory
0x00000000012c1000 	/System/Library/PrivateFrameworks/CommonAuth.framework/Versions/A/CommonAuth
0x00000000012c1000 	/System/Library/Frameworks/OpenDirectory.framework/Versions/A/Frameworks/CFOpenDirectory.framework/Versions/A/CFOpenDirectory
0x00000000012c1000 	/System/Library/Frameworks/SecurityFoundation.framework/Versions/A/SecurityFoundation
0x00000000012c1000 	/System/Library/PrivateFrameworks/LanguageModeling.framework/Versions/A/LanguageModeling
0x00000000012c1000 	/usr/lib/libcmph.dylib
0x00000000012c1000 	/System/Library/Frameworks/ServiceManagement.framework/Versions/A/ServiceManagement
0x00000000012c1000 	/usr/lib/libxslt.1.dylib
0x00000000012c1000 	/System/Library/Frameworks/Carbon.framework/Versions/A/Frameworks/Ink.framework/Versions/A/Ink
0x00000000012c1000 	/System/Library/Frameworks/QuartzCore.framework/Versions/A/Frameworks/CoreImage.framework/Versions/A/CoreImage
0x00000000012c1000 	/System/Library/PrivateFrameworks/CrashReporterSupport.framework/Versions/A/CrashReporterSupport
0x00000000012c1000 	/System/Library/Frameworks/OpenCL.framework/Versions/A/OpenCL
0x00000000012c1000 	/System/Library/PrivateFrameworks/FaceCore.framework/Versions/A/FaceCore
0x00000000012c1000 	/System/Library/PrivateFrameworks/Ubiquity.framework/Versions/A/Ubiquity
0x00000000012c1000 	/System/Library/PrivateFrameworks/IconServices.framework/Versions/A/IconServices
0x00000000012c1000 	/System/Library/PrivateFrameworks/ChunkingLibrary.framework/Versions/A/ChunkingLibrary
0x00000000012c1000 	/System/Library/PrivateFrameworks/Apple80211.framework/Versions/A/Apple80211
0x00000000012c1000 	/System/Library/Frameworks/CoreWLAN.framework/Versions/A/CoreWLAN
0x00000000012c1000 	/System/Library/Frameworks/IOBluetooth.framework/Versions/A/IOBluetooth
0x00000000012c1000 	/System/Library/PrivateFrameworks/CoreWiFi.framework/Versions/A/CoreWiFi
0x00000000012c1000 	/System/Library/Frameworks/CoreBluetooth.framework/Versions/A/CoreBluetooth
0x00000000012c1000 	/System/Library/PrivateFrameworks/DebugSymbols.framework/Versions/A/DebugSymbols
0x00000000012c1000 	/System/Library/PrivateFrameworks/CoreSymbolication.framework/Versions/A/CoreSymbolication
0x00000000012c1000 	/System/Library/PrivateFrameworks/Symbolication.framework/Versions/A/Symbolication
0x00000000012c1000 	/System/Library/PrivateFrameworks/SpeechRecognitionCore.framework/Versions/A/SpeechRecognitionCore
0x00000000492da000 	/System/Library/CoreServices/Encodings/libJapaneseConverter.dylib
0x0000000103caf000 	/Library/Java/JavaVirtualMachines/jdk1.8.0_51.jdk/Contents/Home/jre/lib/server/libjvm.dylib
0x00000000012c1000 	/usr/lib/libstdc++.6.dylib
0x0000000104d1b000 	/Library/Java/JavaVirtualMachines/jdk1.8.0_51.jdk/Contents/Home/jre/lib/libverify.dylib
0x0000000104d29000 	/Library/Java/JavaVirtualMachines/jdk1.8.0_51.jdk/Contents/Home/jre/lib/libjava.dylib
0x0000000104d5f000 	/Library/Java/JavaVirtualMachines/jdk1.8.0_51.jdk/Contents/Home/jre/lib/libjdwp.dylib
0x0000000104daa000 	/Library/Java/JavaVirtualMachines/jdk1.8.0_51.jdk/Contents/Home/jre/lib/libnpt.dylib
0x0000000104db7000 	/Library/Java/JavaVirtualMachines/jdk1.8.0_51.jdk/Contents/Home/jre/lib/libzip.dylib
0x00000001141e8000 	/System/Library/Frameworks/JavaVM.framework/Frameworks/JavaRuntimeSupport.framework/JavaRuntimeSupport
0x000000011cef4000 	/System/Library/Frameworks/JavaVM.framework/Versions/A/Frameworks/JavaNativeFoundation.framework/Versions/A/JavaNativeFoundation
0x000000011cf08000 	/System/Library/Frameworks/JavaVM.framework/Versions/A/JavaVM
0x00000000012c1000 	/System/Library/Frameworks/Carbon.framework/Versions/A/Carbon
0x000000011cf14000 	/System/Library/PrivateFrameworks/JavaLaunching.framework/Versions/A/JavaLaunching
0x00000000012c1000 	/System/Library/Frameworks/Carbon.framework/Versions/A/Frameworks/CommonPanels.framework/Versions/A/CommonPanels
0x00000000012c1000 	/System/Library/Frameworks/Carbon.framework/Versions/A/Frameworks/Help.framework/Versions/A/Help
0x00000000012c1000 	/System/Library/Frameworks/Carbon.framework/Versions/A/Frameworks/ImageCapture.framework/Versions/A/ImageCapture
0x00000000012c1000 	/System/Library/Frameworks/Carbon.framework/Versions/A/Frameworks/OpenScripting.framework/Versions/A/OpenScripting
0x00000000012c1000 	/System/Library/Frameworks/Carbon.framework/Versions/A/Frameworks/Print.framework/Versions/A/Print
0x00000000012c1000 	/System/Library/Frameworks/Carbon.framework/Versions/A/Frameworks/SecurityHI.framework/Versions/A/SecurityHI
0x000000011e8fc000 	/Library/Java/JavaVirtualMachines/jdk1.8.0_51.jdk/Contents/Home/jre/lib/libdt_socket.dylib
0x000000011f540000 	/Library/Java/JavaVirtualMachines/jdk1.8.0_51.jdk/Contents/Home/jre/lib/libnet.dylib

VM Arguments:
jvm_args: -agentlib:jdwp=transport=dt_socket,address=127.0.0.1:63142,suspend=y,server=n -Dfile.encoding=UTF-8 
java_command: Main
java_class_path (initial): /Library/Java/JavaVirtualMachines/jdk1.8.0_51.jdk/Contents/Home/jre/lib/charsets.jar:/Library/Java/JavaVirtualMachines/jdk1.8.0_51.jdk/Contents/Home/jre/lib/deploy.jar:/Library/Java/JavaVirtualMachines/jdk1.8.0_51.jdk/Contents/Home/jre/lib/ext/cldrdata.jar:/Library/Java/JavaVirtualMachines/jdk1.8.0_51.jdk/Contents/Home/jre/lib/ext/dnsns.jar:/Library/Java/JavaVirtualMachines/jdk1.8.0_51.jdk/Contents/Home/jre/lib/ext/jfxrt.jar:/Library/Java/JavaVirtualMachines/jdk1.8.0_51.jdk/Contents/Home/jre/lib/ext/localedata.jar:/Library/Java/JavaVirtualMachines/jdk1.8.0_51.jdk/Contents/Home/jre/lib/ext/nashorn.jar:/Library/Java/JavaVirtualMachines/jdk1.8.0_51.jdk/Contents/Home/jre/lib/ext/sunec.jar:/Library/Java/JavaVirtualMachines/jdk1.8.0_51.jdk/Contents/Home/jre/lib/ext/sunjce_provider.jar:/Library/Java/JavaVirtualMachines/jdk1.8.0_51.jdk/Contents/Home/jre/lib/ext/sunpkcs11.jar:/Library/Java/JavaVirtualMachines/jdk1.8.0_51.jdk/Contents/Home/jre/lib/ext/zipfs.jar:/Library/Java/JavaVirtualMachines/jdk1.8.0_51.jdk/Contents/Home/jre/lib/javaws.jar:/Library/Java/JavaVirtualMachines/jdk1.8.0_51.jdk/Contents/Home/jre/lib/jce.jar:/Library/Java/JavaVirtualMachines/jdk1.8.0_51.jdk/Contents/Home/jre/lib/jfr.jar:/Library/Java/JavaVirtualMachines/jdk1.8.0_51.jdk/Contents/Home/jre/lib/jfxswt.jar:/Library/Java/JavaVirtualMachines/jdk1.8.0_51.jdk/Contents/Home/jre/lib/jsse.jar:/Library/Java/JavaVirtualMachines/jdk1.8.0_51.jdk/Contents/Home/jre/lib/management-agent.jar:/Library/Java/JavaVirtualMachines/jdk1.8.0_51.jdk/Contents/Home/jre/lib/plugin.jar:/Library/Java/JavaVirtualMachines/jdk1.8.0_51.jdk/Contents/Home/jre/lib/resources.jar:/Library/Java/JavaVirtualMachines/jdk1.8.0_51.jdk/Contents/Home/jre/lib/rt.jar:/Library/Java/JavaVirtualMachines/jdk1.8.0_51.jdk/Contents/Home/lib/ant-javafx.jar:/Library/Java/JavaVirtualMachines/jdk1.8.0_51.jdk/Contents/Home/lib/dt.jar:/Library/Java/JavaVirtualMachines/jdk1.8.0_51.jdk/Contents/Home/lib/javafx-mx.jar:/Library/Java/Jav
Launcher Type: SUN_STANDARD

Environment Variables:
PATH=/Developer/NVIDIA/CUDA-7.5/bin:/Users/shinya/.rvm/gems/ruby-2.2.3/bin:/Users/shinya/.rvm/gems/ruby-2.2.3@global/bin:/Users/shinya/.rvm/rubies/ruby-2.2.3/bin:/opt/local/bin:/opt/local/sbin:/usr/local/bin:/usr/bin:/bin:/usr/sbin:/sbin:/opt/X11/bin:/Users/shinya/.rvm/bin:/Users/shinya/.rvm/bin:/usr/local/scala/bin
SHELL=/bin/bash
DISPLAY=/private/tmp/com.apple.launchd.bNqxgUpXYx/org.macosforge.xquartz:0
DYLD_LIBRARY_PATH=/usr/local/cuda/lib:

Signal Handlers:
SIGSEGV: [libjvm.dylib+0x58ef35], sa_mask[0]=11111111011111110111111111111111, sa_flags=SA_ONSTACK|SA_RESTART|SA_SIGINFO
SIGBUS: [libjvm.dylib+0x58ef35], sa_mask[0]=11111111011111110111111111111111, sa_flags=SA_RESTART|SA_SIGINFO
SIGFPE: [libjvm.dylib+0x46c028], sa_mask[0]=11111111011111110111111111111111, sa_flags=SA_RESTART|SA_SIGINFO
SIGPIPE: [libjvm.dylib+0x46c028], sa_mask[0]=11111111011111110111111111111111, sa_flags=SA_RESTART|SA_SIGINFO
SIGXFSZ: [libjvm.dylib+0x46c028], sa_mask[0]=11111111011111110111111111111111, sa_flags=SA_RESTART|SA_SIGINFO
SIGILL: [libjvm.dylib+0x46c028], sa_mask[0]=11111111011111110111111111111111, sa_flags=SA_RESTART|SA_SIGINFO
SIGUSR1: SIG_DFL, sa_mask[0]=00000000000000000000000000000000, sa_flags=none
SIGUSR2: [libjvm.dylib+0x46bb46], sa_mask[0]=00100000000000000000000000000000, sa_flags=SA_RESTART|SA_SIGINFO
SIGHUP: [libjvm.dylib+0x46a119], sa_mask[0]=11111111011111110111111111111111, sa_flags=SA_RESTART|SA_SIGINFO
SIGINT: [libjvm.dylib+0x46a119], sa_mask[0]=11111111011111110111111111111111, sa_flags=SA_RESTART|SA_SIGINFO
SIGTERM: [libjvm.dylib+0x46a119], sa_mask[0]=11111111011111110111111111111111, sa_flags=SA_RESTART|SA_SIGINFO
SIGQUIT: [libjvm.dylib+0x46a119], sa_mask[0]=11111111011111110111111111111111, sa_flags=SA_RESTART|SA_SIGINFO


---------------  S Y S T E M  ---------------

OS:Bsduname:Darwin 14.5.0 Darwin Kernel Version 14.5.0: Tue Sep  1 21:23:09 PDT 2015; root:xnu-2782.50.1~1/RELEASE_X86_64 x86_64
rlimit: STACK 8192k, CORE 0k, NPROC 709, NOFILE 10240, AS infinity
load average:11.97 10.71 9.06

CPU:total 8 (4 cores per cpu, 2 threads per core) family 6 model 58 stepping 9, cmov, cx8, fxsr, mmx, sse, sse2, sse3, ssse3, sse4.1, sse4.2, popcnt, avx, aes, clmul, erms, ht, tsc, tscinvbit, tscinv

Memory: 4k page, physical 8388608k(89064k free)

/proc/meminfo:


vm_info: Java HotSpot(TM) 64-Bit Server VM (25.51-b03) for bsd-amd64 JRE (1.8.0_51-b16), built on Jun  8 2015 18:01:11 by "java_re" with gcc 4.2.1 (Based on Apple Inc. build 5658) (LLVM build 2336.11.00)

time: Sun Jan 24 15:21:03 2016
elapsed time: 2283 seconds (0d 0h 38m 3s)

